
AVRASM ver. 2.1.30  C:\Users\admin\Desktop\KTMT\bai6\Debug\List\bai6.asm Fri Oct 23 15:35:15 2020

C:\Users\admin\Desktop\KTMT\bai6\Debug\List\bai6.asm(1090): warning: Register r4 already defined by the .DEF directive
C:\Users\admin\Desktop\KTMT\bai6\Debug\List\bai6.asm(1091): warning: Register r5 already defined by the .DEF directive
C:\Users\admin\Desktop\KTMT\bai6\Debug\List\bai6.asm(1092): warning: Register r7 already defined by the .DEF directive
C:\Users\admin\Desktop\KTMT\bai6\Debug\List\bai6.asm(1093): warning: Register r6 already defined by the .DEF directive
C:\Users\admin\Desktop\KTMT\bai6\Debug\List\bai6.asm(1094): warning: Register r9 already defined by the .DEF directive
                 
                 
                 ;CodeVisionAVR C Compiler V3.12 Advanced
                 ;(C) Copyright 1998-2014 Pavel Haiduc, HP InfoTech s.r.l.
                 ;http://www.hpinfotech.com
                 
                 ;Build configuration    : Debug
                 ;Chip type              : ATmega128A
                 ;Program type           : Application
                 ;Clock frequency        : 8.000000 MHz
                 ;Memory model           : Small
                 ;Optimize for           : Size
                 ;(s)printf features     : int, width
                 ;(s)scanf features      : int, width
                 ;External RAM size      : 0
                 ;Data Stack size        : 1024 byte(s)
                 ;Heap size              : 0 byte(s)
                 ;Promote 'char' to 'int': Yes
                 ;'char' is unsigned     : Yes
                 ;8 bit enums            : Yes
                 ;Global 'const' stored in FLASH: No
                 ;Enhanced function parameter passing: Yes
                 ;Enhanced core instructions: On
                 ;Automatic register allocation for global variables: On
                 ;Smart register allocation: On
                 
                 	#define _MODEL_SMALL_
                 
                 	#pragma AVRPART ADMIN PART_NAME ATmega128A
                 	#pragma AVRPART MEMORY PROG_FLASH 131072
                 	#pragma AVRPART MEMORY EEPROM 4096
                 	#pragma AVRPART MEMORY INT_SRAM SIZE 4096
                 	#pragma AVRPART MEMORY INT_SRAM START_ADDR 0x100
                 
                 	#define CALL_SUPPORTED 1
                 
                 	.LISTMAC
                 	.EQU UDRE=0x5
                 	.EQU RXC=0x7
                 	.EQU USR=0xB
                 	.EQU UDR=0xC
                 	.EQU SPSR=0xE
                 	.EQU SPDR=0xF
                 	.EQU EERE=0x0
                 	.EQU EEWE=0x1
                 	.EQU EEMWE=0x2
                 	.EQU EECR=0x1C
                 	.EQU EEDR=0x1D
                 	.EQU EEARL=0x1E
                 	.EQU EEARH=0x1F
                 	.EQU WDTCR=0x21
                 	.EQU MCUCR=0x35
                 	.EQU RAMPZ=0x3B
                 	.EQU SPL=0x3D
                 	.EQU SPH=0x3E
                 	.EQU SREG=0x3F
                 	.EQU XMCRA=0x6D
                 	.EQU XMCRB=0x6C
                 
                 	.DEF R0X0=R0
                 	.DEF R0X1=R1
                 	.DEF R0X2=R2
                 	.DEF R0X3=R3
                 	.DEF R0X4=R4
                 	.DEF R0X5=R5
                 	.DEF R0X6=R6
                 	.DEF R0X7=R7
                 	.DEF R0X8=R8
                 	.DEF R0X9=R9
                 	.DEF R0XA=R10
                 	.DEF R0XB=R11
                 	.DEF R0XC=R12
                 	.DEF R0XD=R13
                 	.DEF R0XE=R14
                 	.DEF R0XF=R15
                 	.DEF R0X10=R16
                 	.DEF R0X11=R17
                 	.DEF R0X12=R18
                 	.DEF R0X13=R19
                 	.DEF R0X14=R20
                 	.DEF R0X15=R21
                 	.DEF R0X16=R22
                 	.DEF R0X17=R23
                 	.DEF R0X18=R24
                 	.DEF R0X19=R25
                 	.DEF R0X1A=R26
                 	.DEF R0X1B=R27
                 	.DEF R0X1C=R28
                 	.DEF R0X1D=R29
                 	.DEF R0X1E=R30
                 	.DEF R0X1F=R31
                 
                 	.EQU __SRAM_START=0x0100
                 	.EQU __SRAM_END=0x10FF
                 	.EQU __DSTACK_SIZE=0x0400
                 	.EQU __HEAP_SIZE=0x0000
                 	.EQU __CLEAR_SRAM_SIZE=__SRAM_END-__SRAM_START+1
                 
                 	.MACRO __CPD1N
                 	CPI  R30,LOW(@0)
                 	LDI  R26,HIGH(@0)
                 	CPC  R31,R26
                 	LDI  R26,BYTE3(@0)
                 	CPC  R22,R26
                 	LDI  R26,BYTE4(@0)
                 	CPC  R23,R26
                 	.ENDM
                 
                 	.MACRO __CPD2N
                 	CPI  R26,LOW(@0)
                 	LDI  R30,HIGH(@0)
                 	CPC  R27,R30
                 	LDI  R30,BYTE3(@0)
                 	CPC  R24,R30
                 	LDI  R30,BYTE4(@0)
                 	CPC  R25,R30
                 	.ENDM
                 
                 	.MACRO __CPWRR
                 	CP   R@0,R@2
                 	CPC  R@1,R@3
                 	.ENDM
                 
                 	.MACRO __CPWRN
                 	CPI  R@0,LOW(@2)
                 	LDI  R30,HIGH(@2)
                 	CPC  R@1,R30
                 	.ENDM
                 
                 	.MACRO __ADDB1MN
                 	SUBI R30,LOW(-@0-(@1))
                 	.ENDM
                 
                 	.MACRO __ADDB2MN
                 	SUBI R26,LOW(-@0-(@1))
                 	.ENDM
                 
                 	.MACRO __ADDW1MN
                 	SUBI R30,LOW(-@0-(@1))
                 	SBCI R31,HIGH(-@0-(@1))
                 	.ENDM
                 
                 	.MACRO __ADDW2MN
                 	SUBI R26,LOW(-@0-(@1))
                 	SBCI R27,HIGH(-@0-(@1))
                 	.ENDM
                 
                 	.MACRO __ADDW1FN
                 	SUBI R30,LOW(-2*@0-(@1))
                 	SBCI R31,HIGH(-2*@0-(@1))
                 	.ENDM
                 
                 	.MACRO __ADDD1FN
                 	SUBI R30,LOW(-2*@0-(@1))
                 	SBCI R31,HIGH(-2*@0-(@1))
                 	SBCI R22,BYTE3(-2*@0-(@1))
                 	.ENDM
                 
                 	.MACRO __ADDD1N
                 	SUBI R30,LOW(-@0)
                 	SBCI R31,HIGH(-@0)
                 	SBCI R22,BYTE3(-@0)
                 	SBCI R23,BYTE4(-@0)
                 	.ENDM
                 
                 	.MACRO __ADDD2N
                 	SUBI R26,LOW(-@0)
                 	SBCI R27,HIGH(-@0)
                 	SBCI R24,BYTE3(-@0)
                 	SBCI R25,BYTE4(-@0)
                 	.ENDM
                 
                 	.MACRO __SUBD1N
                 	SUBI R30,LOW(@0)
                 	SBCI R31,HIGH(@0)
                 	SBCI R22,BYTE3(@0)
                 	SBCI R23,BYTE4(@0)
                 	.ENDM
                 
                 	.MACRO __SUBD2N
                 	SUBI R26,LOW(@0)
                 	SBCI R27,HIGH(@0)
                 	SBCI R24,BYTE3(@0)
                 	SBCI R25,BYTE4(@0)
                 	.ENDM
                 
                 	.MACRO __ANDBMNN
                 	LDS  R30,@0+(@1)
                 	ANDI R30,LOW(@2)
                 	STS  @0+(@1),R30
                 	.ENDM
                 
                 	.MACRO __ANDWMNN
                 	LDS  R30,@0+(@1)
                 	ANDI R30,LOW(@2)
                 	STS  @0+(@1),R30
                 	LDS  R30,@0+(@1)+1
                 	ANDI R30,HIGH(@2)
                 	STS  @0+(@1)+1,R30
                 	.ENDM
                 
                 	.MACRO __ANDD1N
                 	ANDI R30,LOW(@0)
                 	ANDI R31,HIGH(@0)
                 	ANDI R22,BYTE3(@0)
                 	ANDI R23,BYTE4(@0)
                 	.ENDM
                 
                 	.MACRO __ANDD2N
                 	ANDI R26,LOW(@0)
                 	ANDI R27,HIGH(@0)
                 	ANDI R24,BYTE3(@0)
                 	ANDI R25,BYTE4(@0)
                 	.ENDM
                 
                 	.MACRO __ORBMNN
                 	LDS  R30,@0+(@1)
                 	ORI  R30,LOW(@2)
                 	STS  @0+(@1),R30
                 	.ENDM
                 
                 	.MACRO __ORWMNN
                 	LDS  R30,@0+(@1)
                 	ORI  R30,LOW(@2)
                 	STS  @0+(@1),R30
                 	LDS  R30,@0+(@1)+1
                 	ORI  R30,HIGH(@2)
                 	STS  @0+(@1)+1,R30
                 	.ENDM
                 
                 	.MACRO __ORD1N
                 	ORI  R30,LOW(@0)
                 	ORI  R31,HIGH(@0)
                 	ORI  R22,BYTE3(@0)
                 	ORI  R23,BYTE4(@0)
                 	.ENDM
                 
                 	.MACRO __ORD2N
                 	ORI  R26,LOW(@0)
                 	ORI  R27,HIGH(@0)
                 	ORI  R24,BYTE3(@0)
                 	ORI  R25,BYTE4(@0)
                 	.ENDM
                 
                 	.MACRO __DELAY_USB
                 	LDI  R24,LOW(@0)
                 __DELAY_USB_LOOP:
                 	DEC  R24
                 	BRNE __DELAY_USB_LOOP
                 	.ENDM
                 
                 	.MACRO __DELAY_USW
                 	LDI  R24,LOW(@0)
                 	LDI  R25,HIGH(@0)
                 __DELAY_USW_LOOP:
                 	SBIW R24,1
                 	BRNE __DELAY_USW_LOOP
                 	.ENDM
                 
                 	.MACRO __GETD1S
                 	LDD  R30,Y+@0
                 	LDD  R31,Y+@0+1
                 	LDD  R22,Y+@0+2
                 	LDD  R23,Y+@0+3
                 	.ENDM
                 
                 	.MACRO __GETD2S
                 	LDD  R26,Y+@0
                 	LDD  R27,Y+@0+1
                 	LDD  R24,Y+@0+2
                 	LDD  R25,Y+@0+3
                 	.ENDM
                 
                 	.MACRO __PUTD1S
                 	STD  Y+@0,R30
                 	STD  Y+@0+1,R31
                 	STD  Y+@0+2,R22
                 	STD  Y+@0+3,R23
                 	.ENDM
                 
                 	.MACRO __PUTD2S
                 	STD  Y+@0,R26
                 	STD  Y+@0+1,R27
                 	STD  Y+@0+2,R24
                 	STD  Y+@0+3,R25
                 	.ENDM
                 
                 	.MACRO __PUTDZ2
                 	STD  Z+@0,R26
                 	STD  Z+@0+1,R27
                 	STD  Z+@0+2,R24
                 	STD  Z+@0+3,R25
                 	.ENDM
                 
                 	.MACRO __CLRD1S
                 	STD  Y+@0,R30
                 	STD  Y+@0+1,R30
                 	STD  Y+@0+2,R30
                 	STD  Y+@0+3,R30
                 	.ENDM
                 
                 	.MACRO __POINTB1MN
                 	LDI  R30,LOW(@0+(@1))
                 	.ENDM
                 
                 	.MACRO __POINTW1MN
                 	LDI  R30,LOW(@0+(@1))
                 	LDI  R31,HIGH(@0+(@1))
                 	.ENDM
                 
                 	.MACRO __POINTD1M
                 	LDI  R30,LOW(@0)
                 	LDI  R31,HIGH(@0)
                 	LDI  R22,BYTE3(@0)
                 	LDI  R23,BYTE4(@0)
                 	.ENDM
                 
                 	.MACRO __POINTW1FN
                 	LDI  R30,LOW(2*@0+(@1))
                 	LDI  R31,HIGH(2*@0+(@1))
                 	.ENDM
                 
                 	.MACRO __POINTD1FN
                 	LDI  R30,LOW(2*@0+(@1))
                 	LDI  R31,HIGH(2*@0+(@1))
                 	LDI  R22,BYTE3(2*@0+(@1))
                 	LDI  R23,BYTE4(2*@0+(@1))
                 	.ENDM
                 
                 	.MACRO __POINTB2MN
                 	LDI  R26,LOW(@0+(@1))
                 	.ENDM
                 
                 	.MACRO __POINTW2MN
                 	LDI  R26,LOW(@0+(@1))
                 	LDI  R27,HIGH(@0+(@1))
                 	.ENDM
                 
                 	.MACRO __POINTW2FN
                 	LDI  R26,LOW(2*@0+(@1))
                 	LDI  R27,HIGH(2*@0+(@1))
                 	.ENDM
                 
                 	.MACRO __POINTD2FN
                 	LDI  R26,LOW(2*@0+(@1))
                 	LDI  R27,HIGH(2*@0+(@1))
                 	LDI  R24,BYTE3(2*@0+(@1))
                 	LDI  R25,BYTE4(2*@0+(@1))
                 	.ENDM
                 
                 	.MACRO __POINTBRM
                 	LDI  R@0,LOW(@1)
                 	.ENDM
                 
                 	.MACRO __POINTWRM
                 	LDI  R@0,LOW(@2)
                 	LDI  R@1,HIGH(@2)
                 	.ENDM
                 
                 	.MACRO __POINTBRMN
                 	LDI  R@0,LOW(@1+(@2))
                 	.ENDM
                 
                 	.MACRO __POINTWRMN
                 	LDI  R@0,LOW(@2+(@3))
                 	LDI  R@1,HIGH(@2+(@3))
                 	.ENDM
                 
                 	.MACRO __POINTWRFN
                 	LDI  R@0,LOW(@2*2+(@3))
                 	LDI  R@1,HIGH(@2*2+(@3))
                 	.ENDM
                 
                 	.MACRO __GETD1N
                 	LDI  R30,LOW(@0)
                 	LDI  R31,HIGH(@0)
                 	LDI  R22,BYTE3(@0)
                 	LDI  R23,BYTE4(@0)
                 	.ENDM
                 
                 	.MACRO __GETD2N
                 	LDI  R26,LOW(@0)
                 	LDI  R27,HIGH(@0)
                 	LDI  R24,BYTE3(@0)
                 	LDI  R25,BYTE4(@0)
                 	.ENDM
                 
                 	.MACRO __GETB1MN
                 	LDS  R30,@0+(@1)
                 	.ENDM
                 
                 	.MACRO __GETB1HMN
                 	LDS  R31,@0+(@1)
                 	.ENDM
                 
                 	.MACRO __GETW1MN
                 	LDS  R30,@0+(@1)
                 	LDS  R31,@0+(@1)+1
                 	.ENDM
                 
                 	.MACRO __GETD1MN
                 	LDS  R30,@0+(@1)
                 	LDS  R31,@0+(@1)+1
                 	LDS  R22,@0+(@1)+2
                 	LDS  R23,@0+(@1)+3
                 	.ENDM
                 
                 	.MACRO __GETBRMN
                 	LDS  R@0,@1+(@2)
                 	.ENDM
                 
                 	.MACRO __GETWRMN
                 	LDS  R@0,@2+(@3)
                 	LDS  R@1,@2+(@3)+1
                 	.ENDM
                 
                 	.MACRO __GETWRZ
                 	LDD  R@0,Z+@2
                 	LDD  R@1,Z+@2+1
                 	.ENDM
                 
                 	.MACRO __GETD2Z
                 	LDD  R26,Z+@0
                 	LDD  R27,Z+@0+1
                 	LDD  R24,Z+@0+2
                 	LDD  R25,Z+@0+3
                 	.ENDM
                 
                 	.MACRO __GETB2MN
                 	LDS  R26,@0+(@1)
                 	.ENDM
                 
                 	.MACRO __GETW2MN
                 	LDS  R26,@0+(@1)
                 	LDS  R27,@0+(@1)+1
                 	.ENDM
                 
                 	.MACRO __GETD2MN
                 	LDS  R26,@0+(@1)
                 	LDS  R27,@0+(@1)+1
                 	LDS  R24,@0+(@1)+2
                 	LDS  R25,@0+(@1)+3
                 	.ENDM
                 
                 	.MACRO __PUTB1MN
                 	STS  @0+(@1),R30
                 	.ENDM
                 
                 	.MACRO __PUTW1MN
                 	STS  @0+(@1),R30
                 	STS  @0+(@1)+1,R31
                 	.ENDM
                 
                 	.MACRO __PUTD1MN
                 	STS  @0+(@1),R30
                 	STS  @0+(@1)+1,R31
                 	STS  @0+(@1)+2,R22
                 	STS  @0+(@1)+3,R23
                 	.ENDM
                 
                 	.MACRO __PUTB1EN
                 	LDI  R26,LOW(@0+(@1))
                 	LDI  R27,HIGH(@0+(@1))
                 	CALL __EEPROMWRB
                 	.ENDM
                 
                 	.MACRO __PUTW1EN
                 	LDI  R26,LOW(@0+(@1))
                 	LDI  R27,HIGH(@0+(@1))
                 	CALL __EEPROMWRW
                 	.ENDM
                 
                 	.MACRO __PUTD1EN
                 	LDI  R26,LOW(@0+(@1))
                 	LDI  R27,HIGH(@0+(@1))
                 	CALL __EEPROMWRD
                 	.ENDM
                 
                 	.MACRO __PUTBR0MN
                 	STS  @0+(@1),R0
                 	.ENDM
                 
                 	.MACRO __PUTBMRN
                 	STS  @0+(@1),R@2
                 	.ENDM
                 
                 	.MACRO __PUTWMRN
                 	STS  @0+(@1),R@2
                 	STS  @0+(@1)+1,R@3
                 	.ENDM
                 
                 	.MACRO __PUTBZR
                 	STD  Z+@1,R@0
                 	.ENDM
                 
                 	.MACRO __PUTWZR
                 	STD  Z+@2,R@0
                 	STD  Z+@2+1,R@1
                 	.ENDM
                 
                 	.MACRO __GETW1R
                 	MOV  R30,R@0
                 	MOV  R31,R@1
                 	.ENDM
                 
                 	.MACRO __GETW2R
                 	MOV  R26,R@0
                 	MOV  R27,R@1
                 	.ENDM
                 
                 	.MACRO __GETWRN
                 	LDI  R@0,LOW(@2)
                 	LDI  R@1,HIGH(@2)
                 	.ENDM
                 
                 	.MACRO __PUTW1R
                 	MOV  R@0,R30
                 	MOV  R@1,R31
                 	.ENDM
                 
                 	.MACRO __PUTW2R
                 	MOV  R@0,R26
                 	MOV  R@1,R27
                 	.ENDM
                 
                 	.MACRO __ADDWRN
                 	SUBI R@0,LOW(-@2)
                 	SBCI R@1,HIGH(-@2)
                 	.ENDM
                 
                 	.MACRO __ADDWRR
                 	ADD  R@0,R@2
                 	ADC  R@1,R@3
                 	.ENDM
                 
                 	.MACRO __SUBWRN
                 	SUBI R@0,LOW(@2)
                 	SBCI R@1,HIGH(@2)
                 	.ENDM
                 
                 	.MACRO __SUBWRR
                 	SUB  R@0,R@2
                 	SBC  R@1,R@3
                 	.ENDM
                 
                 	.MACRO __ANDWRN
                 	ANDI R@0,LOW(@2)
                 	ANDI R@1,HIGH(@2)
                 	.ENDM
                 
                 	.MACRO __ANDWRR
                 	AND  R@0,R@2
                 	AND  R@1,R@3
                 	.ENDM
                 
                 	.MACRO __ORWRN
                 	ORI  R@0,LOW(@2)
                 	ORI  R@1,HIGH(@2)
                 	.ENDM
                 
                 	.MACRO __ORWRR
                 	OR   R@0,R@2
                 	OR   R@1,R@3
                 	.ENDM
                 
                 	.MACRO __EORWRR
                 	EOR  R@0,R@2
                 	EOR  R@1,R@3
                 	.ENDM
                 
                 	.MACRO __GETWRS
                 	LDD  R@0,Y+@2
                 	LDD  R@1,Y+@2+1
                 	.ENDM
                 
                 	.MACRO __PUTBSR
                 	STD  Y+@1,R@0
                 	.ENDM
                 
                 	.MACRO __PUTWSR
                 	STD  Y+@2,R@0
                 	STD  Y+@2+1,R@1
                 	.ENDM
                 
                 	.MACRO __MOVEWRR
                 	MOV  R@0,R@2
                 	MOV  R@1,R@3
                 	.ENDM
                 
                 	.MACRO __INWR
                 	IN   R@0,@2
                 	IN   R@1,@2+1
                 	.ENDM
                 
                 	.MACRO __OUTWR
                 	OUT  @2+1,R@1
                 	OUT  @2,R@0
                 	.ENDM
                 
                 	.MACRO __CALL1MN
                 	LDS  R30,@0+(@1)
                 	LDS  R31,@0+(@1)+1
                 	ICALL
                 	.ENDM
                 
                 	.MACRO __CALL1FN
                 	LDI  R30,LOW(2*@0+(@1))
                 	LDI  R31,HIGH(2*@0+(@1))
                 	CALL __GETW1PF
                 	ICALL
                 	.ENDM
                 
                 	.MACRO __CALL2EN
                 	PUSH R26
                 	PUSH R27
                 	LDI  R26,LOW(@0+(@1))
                 	LDI  R27,HIGH(@0+(@1))
                 	CALL __EEPROMRDW
                 	POP  R27
                 	POP  R26
                 	ICALL
                 	.ENDM
                 
                 	.MACRO __CALL2EX
                 	SUBI R26,LOW(-@0)
                 	SBCI R27,HIGH(-@0)
                 	CALL __EEPROMRDD
                 	ICALL
                 	.ENDM
                 
                 	.MACRO __GETW1STACK
                 	IN   R30,SPL
                 	IN   R31,SPH
                 	ADIW R30,@0+1
                 	LD   R0,Z+
                 	LD   R31,Z
                 	MOV  R30,R0
                 	.ENDM
                 
                 	.MACRO __GETD1STACK
                 	IN   R30,SPL
                 	IN   R31,SPH
                 	ADIW R30,@0+1
                 	LD   R0,Z+
                 	LD   R1,Z+
                 	LD   R22,Z
                 	MOVW R30,R0
                 	.ENDM
                 
                 	.MACRO __NBST
                 	BST  R@0,@1
                 	IN   R30,SREG
                 	LDI  R31,0x40
                 	EOR  R30,R31
                 	OUT  SREG,R30
                 	.ENDM
                 
                 
                 	.MACRO __PUTB1SN
                 	LDD  R26,Y+@0
                 	LDD  R27,Y+@0+1
                 	SUBI R26,LOW(-@1)
                 	SBCI R27,HIGH(-@1)
                 	ST   X,R30
                 	.ENDM
                 
                 	.MACRO __PUTW1SN
                 	LDD  R26,Y+@0
                 	LDD  R27,Y+@0+1
                 	SUBI R26,LOW(-@1)
                 	SBCI R27,HIGH(-@1)
                 	ST   X+,R30
                 	ST   X,R31
                 	.ENDM
                 
                 	.MACRO __PUTD1SN
                 	LDD  R26,Y+@0
                 	LDD  R27,Y+@0+1
                 	SUBI R26,LOW(-@1)
                 	SBCI R27,HIGH(-@1)
                 	CALL __PUTDP1
                 	.ENDM
                 
                 	.MACRO __PUTB1SNS
                 	LDD  R26,Y+@0
                 	LDD  R27,Y+@0+1
                 	ADIW R26,@1
                 	ST   X,R30
                 	.ENDM
                 
                 	.MACRO __PUTW1SNS
                 	LDD  R26,Y+@0
                 	LDD  R27,Y+@0+1
                 	ADIW R26,@1
                 	ST   X+,R30
                 	ST   X,R31
                 	.ENDM
                 
                 	.MACRO __PUTD1SNS
                 	LDD  R26,Y+@0
                 	LDD  R27,Y+@0+1
                 	ADIW R26,@1
                 	CALL __PUTDP1
                 	.ENDM
                 
                 	.MACRO __PUTB1PMN
                 	LDS  R26,@0
                 	LDS  R27,@0+1
                 	SUBI R26,LOW(-@1)
                 	SBCI R27,HIGH(-@1)
                 	ST   X,R30
                 	.ENDM
                 
                 	.MACRO __PUTW1PMN
                 	LDS  R26,@0
                 	LDS  R27,@0+1
                 	SUBI R26,LOW(-@1)
                 	SBCI R27,HIGH(-@1)
                 	ST   X+,R30
                 	ST   X,R31
                 	.ENDM
                 
                 	.MACRO __PUTD1PMN
                 	LDS  R26,@0
                 	LDS  R27,@0+1
                 	SUBI R26,LOW(-@1)
                 	SBCI R27,HIGH(-@1)
                 	CALL __PUTDP1
                 	.ENDM
                 
                 	.MACRO __PUTB1PMNS
                 	LDS  R26,@0
                 	LDS  R27,@0+1
                 	ADIW R26,@1
                 	ST   X,R30
                 	.ENDM
                 
                 	.MACRO __PUTW1PMNS
                 	LDS  R26,@0
                 	LDS  R27,@0+1
                 	ADIW R26,@1
                 	ST   X+,R30
                 	ST   X,R31
                 	.ENDM
                 
                 	.MACRO __PUTD1PMNS
                 	LDS  R26,@0
                 	LDS  R27,@0+1
                 	ADIW R26,@1
                 	CALL __PUTDP1
                 	.ENDM
                 
                 	.MACRO __PUTB1RN
                 	MOVW R26,R@0
                 	SUBI R26,LOW(-@1)
                 	SBCI R27,HIGH(-@1)
                 	ST   X,R30
                 	.ENDM
                 
                 	.MACRO __PUTW1RN
                 	MOVW R26,R@0
                 	SUBI R26,LOW(-@1)
                 	SBCI R27,HIGH(-@1)
                 	ST   X+,R30
                 	ST   X,R31
                 	.ENDM
                 
                 	.MACRO __PUTD1RN
                 	MOVW R26,R@0
                 	SUBI R26,LOW(-@1)
                 	SBCI R27,HIGH(-@1)
                 	CALL __PUTDP1
                 	.ENDM
                 
                 	.MACRO __PUTB1RNS
                 	MOVW R26,R@0
                 	ADIW R26,@1
                 	ST   X,R30
                 	.ENDM
                 
                 	.MACRO __PUTW1RNS
                 	MOVW R26,R@0
                 	ADIW R26,@1
                 	ST   X+,R30
                 	ST   X,R31
                 	.ENDM
                 
                 	.MACRO __PUTD1RNS
                 	MOVW R26,R@0
                 	ADIW R26,@1
                 	CALL __PUTDP1
                 	.ENDM
                 
                 	.MACRO __PUTB1RON
                 	MOV  R26,R@0
                 	MOV  R27,R@1
                 	SUBI R26,LOW(-@2)
                 	SBCI R27,HIGH(-@2)
                 	ST   X,R30
                 	.ENDM
                 
                 	.MACRO __PUTW1RON
                 	MOV  R26,R@0
                 	MOV  R27,R@1
                 	SUBI R26,LOW(-@2)
                 	SBCI R27,HIGH(-@2)
                 	ST   X+,R30
                 	ST   X,R31
                 	.ENDM
                 
                 	.MACRO __PUTD1RON
                 	MOV  R26,R@0
                 	MOV  R27,R@1
                 	SUBI R26,LOW(-@2)
                 	SBCI R27,HIGH(-@2)
                 	CALL __PUTDP1
                 	.ENDM
                 
                 	.MACRO __PUTB1RONS
                 	MOV  R26,R@0
                 	MOV  R27,R@1
                 	ADIW R26,@2
                 	ST   X,R30
                 	.ENDM
                 
                 	.MACRO __PUTW1RONS
                 	MOV  R26,R@0
                 	MOV  R27,R@1
                 	ADIW R26,@2
                 	ST   X+,R30
                 	ST   X,R31
                 	.ENDM
                 
                 	.MACRO __PUTD1RONS
                 	MOV  R26,R@0
                 	MOV  R27,R@1
                 	ADIW R26,@2
                 	CALL __PUTDP1
                 	.ENDM
                 
                 
                 	.MACRO __GETB1SX
                 	MOVW R30,R28
                 	SUBI R30,LOW(-@0)
                 	SBCI R31,HIGH(-@0)
                 	LD   R30,Z
                 	.ENDM
                 
                 	.MACRO __GETB1HSX
                 	MOVW R30,R28
                 	SUBI R30,LOW(-@0)
                 	SBCI R31,HIGH(-@0)
                 	LD   R31,Z
                 	.ENDM
                 
                 	.MACRO __GETW1SX
                 	MOVW R30,R28
                 	SUBI R30,LOW(-@0)
                 	SBCI R31,HIGH(-@0)
                 	LD   R0,Z+
                 	LD   R31,Z
                 	MOV  R30,R0
                 	.ENDM
                 
                 	.MACRO __GETD1SX
                 	MOVW R30,R28
                 	SUBI R30,LOW(-@0)
                 	SBCI R31,HIGH(-@0)
                 	LD   R0,Z+
                 	LD   R1,Z+
                 	LD   R22,Z+
                 	LD   R23,Z
                 	MOVW R30,R0
                 	.ENDM
                 
                 	.MACRO __GETB2SX
                 	MOVW R26,R28
                 	SUBI R26,LOW(-@0)
                 	SBCI R27,HIGH(-@0)
                 	LD   R26,X
                 	.ENDM
                 
                 	.MACRO __GETW2SX
                 	MOVW R26,R28
                 	SUBI R26,LOW(-@0)
                 	SBCI R27,HIGH(-@0)
                 	LD   R0,X+
                 	LD   R27,X
                 	MOV  R26,R0
                 	.ENDM
                 
                 	.MACRO __GETD2SX
                 	MOVW R26,R28
                 	SUBI R26,LOW(-@0)
                 	SBCI R27,HIGH(-@0)
                 	LD   R0,X+
                 	LD   R1,X+
                 	LD   R24,X+
                 	LD   R25,X
                 	MOVW R26,R0
                 	.ENDM
                 
                 	.MACRO __GETBRSX
                 	MOVW R30,R28
                 	SUBI R30,LOW(-@1)
                 	SBCI R31,HIGH(-@1)
                 	LD   R@0,Z
                 	.ENDM
                 
                 	.MACRO __GETWRSX
                 	MOVW R30,R28
                 	SUBI R30,LOW(-@2)
                 	SBCI R31,HIGH(-@2)
                 	LD   R@0,Z+
                 	LD   R@1,Z
                 	.ENDM
                 
                 	.MACRO __GETBRSX2
                 	MOVW R26,R28
                 	SUBI R26,LOW(-@1)
                 	SBCI R27,HIGH(-@1)
                 	LD   R@0,X
                 	.ENDM
                 
                 	.MACRO __GETWRSX2
                 	MOVW R26,R28
                 	SUBI R26,LOW(-@2)
                 	SBCI R27,HIGH(-@2)
                 	LD   R@0,X+
                 	LD   R@1,X
                 	.ENDM
                 
                 	.MACRO __LSLW8SX
                 	MOVW R30,R28
                 	SUBI R30,LOW(-@0)
                 	SBCI R31,HIGH(-@0)
                 	LD   R31,Z
                 	CLR  R30
                 	.ENDM
                 
                 	.MACRO __PUTB1SX
                 	MOVW R26,R28
                 	SUBI R26,LOW(-@0)
                 	SBCI R27,HIGH(-@0)
                 	ST   X,R30
                 	.ENDM
                 
                 	.MACRO __PUTW1SX
                 	MOVW R26,R28
                 	SUBI R26,LOW(-@0)
                 	SBCI R27,HIGH(-@0)
                 	ST   X+,R30
                 	ST   X,R31
                 	.ENDM
                 
                 	.MACRO __PUTD1SX
                 	MOVW R26,R28
                 	SUBI R26,LOW(-@0)
                 	SBCI R27,HIGH(-@0)
                 	ST   X+,R30
                 	ST   X+,R31
                 	ST   X+,R22
                 	ST   X,R23
                 	.ENDM
                 
                 	.MACRO __CLRW1SX
                 	MOVW R26,R28
                 	SUBI R26,LOW(-@0)
                 	SBCI R27,HIGH(-@0)
                 	ST   X+,R30
                 	ST   X,R30
                 	.ENDM
                 
                 	.MACRO __CLRD1SX
                 	MOVW R26,R28
                 	SUBI R26,LOW(-@0)
                 	SBCI R27,HIGH(-@0)
                 	ST   X+,R30
                 	ST   X+,R30
                 	ST   X+,R30
                 	ST   X,R30
                 	.ENDM
                 
                 	.MACRO __PUTB2SX
                 	MOVW R30,R28
                 	SUBI R30,LOW(-@0)
                 	SBCI R31,HIGH(-@0)
                 	ST   Z,R26
                 	.ENDM
                 
                 	.MACRO __PUTW2SX
                 	MOVW R30,R28
                 	SUBI R30,LOW(-@0)
                 	SBCI R31,HIGH(-@0)
                 	ST   Z+,R26
                 	ST   Z,R27
                 	.ENDM
                 
                 	.MACRO __PUTD2SX
                 	MOVW R30,R28
                 	SUBI R30,LOW(-@0)
                 	SBCI R31,HIGH(-@0)
                 	ST   Z+,R26
                 	ST   Z+,R27
                 	ST   Z+,R24
                 	ST   Z,R25
                 	.ENDM
                 
                 	.MACRO __PUTBSRX
                 	MOVW R30,R28
                 	SUBI R30,LOW(-@1)
                 	SBCI R31,HIGH(-@1)
                 	ST   Z,R@0
                 	.ENDM
                 
                 	.MACRO __PUTWSRX
                 	MOVW R30,R28
                 	SUBI R30,LOW(-@2)
                 	SBCI R31,HIGH(-@2)
                 	ST   Z+,R@0
                 	ST   Z,R@1
                 	.ENDM
                 
                 	.MACRO __PUTB1SNX
                 	MOVW R26,R28
                 	SUBI R26,LOW(-@0)
                 	SBCI R27,HIGH(-@0)
                 	LD   R0,X+
                 	LD   R27,X
                 	MOV  R26,R0
                 	SUBI R26,LOW(-@1)
                 	SBCI R27,HIGH(-@1)
                 	ST   X,R30
                 	.ENDM
                 
                 	.MACRO __PUTW1SNX
                 	MOVW R26,R28
                 	SUBI R26,LOW(-@0)
                 	SBCI R27,HIGH(-@0)
                 	LD   R0,X+
                 	LD   R27,X
                 	MOV  R26,R0
                 	SUBI R26,LOW(-@1)
                 	SBCI R27,HIGH(-@1)
                 	ST   X+,R30
                 	ST   X,R31
                 	.ENDM
                 
                 	.MACRO __PUTD1SNX
                 	MOVW R26,R28
                 	SUBI R26,LOW(-@0)
                 	SBCI R27,HIGH(-@0)
                 	LD   R0,X+
                 	LD   R27,X
                 	MOV  R26,R0
                 	SUBI R26,LOW(-@1)
                 	SBCI R27,HIGH(-@1)
                 	ST   X+,R30
                 	ST   X+,R31
                 	ST   X+,R22
                 	ST   X,R23
                 	.ENDM
                 
                 	.MACRO __MULBRR
                 	MULS R@0,R@1
                 	MOVW R30,R0
                 	.ENDM
                 
                 	.MACRO __MULBRRU
                 	MUL  R@0,R@1
                 	MOVW R30,R0
                 	.ENDM
                 
                 	.MACRO __MULBRR0
                 	MULS R@0,R@1
                 	.ENDM
                 
                 	.MACRO __MULBRRU0
                 	MUL  R@0,R@1
                 	.ENDM
                 
                 	.MACRO __MULBNWRU
                 	LDI  R26,@2
                 	MUL  R26,R@0
                 	MOVW R30,R0
                 	MUL  R26,R@1
                 	ADD  R31,R0
                 	.ENDM
                 
                 ;NAME DEFINITIONS FOR GLOBAL VARIABLES ALLOCATED TO REGISTERS
                 	.DEF _dem=R4
                 	.DEF _dem_msb=R5
                 	.DEF __lcd_x=R7
                 	.DEF __lcd_y=R6
                 	.DEF __lcd_maxx=R9
                 
                 	.CSEG
                 	.ORG 0x00
                 
                 ;START OF CODE MARKER
                 __START_OF_CODE:
                 
                 ;INTERRUPT VECTORS
000000 940c 0068 	JMP  __RESET
000002 940c 0000 	JMP  0x00
000004 940c 0000 	JMP  0x00
000006 940c 0000 	JMP  0x00
000008 940c 0000 	JMP  0x00
00000a 940c 0000 	JMP  0x00
00000c 940c 0000 	JMP  0x00
00000e 940c 0000 	JMP  0x00
000010 940c 0000 	JMP  0x00
000012 940c 0000 	JMP  0x00
000014 940c 0000 	JMP  0x00
000016 940c 0000 	JMP  0x00
000018 940c 0000 	JMP  0x00
00001a 940c 0000 	JMP  0x00
00001c 940c 0000 	JMP  0x00
00001e 940c 0000 	JMP  0x00
000020 940c 0000 	JMP  0x00
000022 940c 0000 	JMP  0x00
000024 940c 0000 	JMP  0x00
000026 940c 0000 	JMP  0x00
000028 940c 0000 	JMP  0x00
00002a 940c 0000 	JMP  0x00
00002c 940c 0000 	JMP  0x00
00002e 940c 0000 	JMP  0x00
000030 940c 0000 	JMP  0x00
000032 940c 0000 	JMP  0x00
000034 940c 0000 	JMP  0x00
000036 940c 0000 	JMP  0x00
000038 940c 0000 	JMP  0x00
00003a 940c 0000 	JMP  0x00
00003c 940c 0000 	JMP  0x00
00003e 940c 0000 	JMP  0x00
000040 940c 0000 	JMP  0x00
000042 940c 0000 	JMP  0x00
000044 940c 0000 	JMP  0x00
                 
                 _tbl10_G102:
000046 2710
000047 03e8
000048 0064
000049 000a      	.DB  0x10,0x27,0xE8,0x3,0x64,0x0,0xA,0x0
00004a 0001      	.DB  0x1,0x0
                 _tbl16_G102:
00004b 1000
00004c 0100
00004d 0010
00004e 0001      	.DB  0x0,0x10,0x0,0x1,0x10,0x0,0x1,0x0
                 
                 ;GLOBAL REGISTER VARIABLES INITIALIZATION
                 __REG_VARS:
00004f 0000      	.DB  0x0,0x0
                 
                 _0x0:
000050 6425
000051 7300
000052 206f
000053 676e      	.DB  0x25,0x64,0x0,0x73,0x6F,0x20,0x6E,0x67
000054 6f75
000055 3a69
000056 0020      	.DB  0x75,0x6F,0x69,0x3A,0x20,0x0
                 _0x2000003:
000057 c080      	.DB  0x80,0xC0
                 _0x2020060:
C:\Users\admin\Desktop\KTMT\bai6\Debug\List\bai6.asm(1155): warning: .cseg .db misalignment - padding zero byte
000058 0001      	.DB  0x1
                 _0x2020000:
000059 4e2d
00005a 4e41
00005b 4900
00005c 464e      	.DB  0x2D,0x4E,0x41,0x4E,0x0,0x49,0x4E,0x46
C:\Users\admin\Desktop\KTMT\bai6\Debug\List\bai6.asm(1158): warning: .cseg .db misalignment - padding zero byte
00005d 0000      	.DB  0x0
                 
                 __GLOBAL_INI_TBL:
00005e 0002      	.DW  0x02
00005f 0004      	.DW  0x04
000060 009e      	.DW  __REG_VARS*2
                 
000061 0002      	.DW  0x02
000062 0514      	.DW  __base_y_G100
000063 00ae      	.DW  _0x2000003*2
                 
000064 0001      	.DW  0x01
000065 0518      	.DW  __seed_G101
000066 00b0      	.DW  _0x2020060*2
                 
                 _0xFFFFFFFF:
000067 0000      	.DW  0
                 
                 #define __GLOBAL_INI_TBL_PRESENT 1
                 
                 __RESET:
000068 94f8      	CLI
000069 27ee      	CLR  R30
00006a bbec      	OUT  EECR,R30
                 
                 ;INTERRUPT VECTORS ARE PLACED
                 ;AT THE START OF FLASH
00006b e0f1      	LDI  R31,1
00006c bff5      	OUT  MCUCR,R31
00006d bfe5      	OUT  MCUCR,R30
00006e 93e0 006c 	STS  XMCRB,R30
                 
                 ;CLEAR R2-R14
000070 e08d      	LDI  R24,(14-2)+1
000071 e0a2      	LDI  R26,2
000072 27bb      	CLR  R27
                 __CLEAR_REG:
000073 93ed      	ST   X+,R30
000074 958a      	DEC  R24
000075 f7e9      	BRNE __CLEAR_REG
                 
                 ;CLEAR SRAM
000076 e080      	LDI  R24,LOW(__CLEAR_SRAM_SIZE)
000077 e190      	LDI  R25,HIGH(__CLEAR_SRAM_SIZE)
000078 e0a0      	LDI  R26,LOW(__SRAM_START)
000079 e0b1      	LDI  R27,HIGH(__SRAM_START)
                 __CLEAR_SRAM:
00007a 93ed      	ST   X+,R30
00007b 9701      	SBIW R24,1
00007c f7e9      	BRNE __CLEAR_SRAM
                 
                 ;GLOBAL VARIABLES INITIALIZATION
00007d ebec      	LDI  R30,LOW(__GLOBAL_INI_TBL*2)
00007e e0f0      	LDI  R31,HIGH(__GLOBAL_INI_TBL*2)
                 __GLOBAL_INI_NEXT:
00007f 9185      	LPM  R24,Z+
000080 9195      	LPM  R25,Z+
000081 9700      	SBIW R24,0
000082 f061      	BREQ __GLOBAL_INI_END
000083 91a5      	LPM  R26,Z+
000084 91b5      	LPM  R27,Z+
000085 9005      	LPM  R0,Z+
000086 9015      	LPM  R1,Z+
000087 01bf      	MOVW R22,R30
000088 01f0      	MOVW R30,R0
                 __GLOBAL_INI_LOOP:
000089 9005      	LPM  R0,Z+
00008a 920d      	ST   X+,R0
00008b 9701      	SBIW R24,1
00008c f7e1      	BRNE __GLOBAL_INI_LOOP
00008d 01fb      	MOVW R30,R22
00008e cff0      	RJMP __GLOBAL_INI_NEXT
                 __GLOBAL_INI_END:
                 
00008f bf8b      	OUT  RAMPZ,R24
                 
                 ;HARDWARE STACK POINTER INITIALIZATION
000090 efef      	LDI  R30,LOW(__SRAM_END-__HEAP_SIZE)
000091 bfed      	OUT  SPL,R30
000092 e1e0      	LDI  R30,HIGH(__SRAM_END-__HEAP_SIZE)
000093 bfee      	OUT  SPH,R30
                 
                 ;DATA STACK POINTER INITIALIZATION
000094 e0c0      	LDI  R28,LOW(__SRAM_START+__DSTACK_SIZE)
000095 e0d5      	LDI  R29,HIGH(__SRAM_START+__DSTACK_SIZE)
                 
000096 940c 0098 	JMP  _main
                 
                 	.ESEG
                 	.ORG 0
                 
                 	.DSEG
                 	.ORG 0x500
                 
                 	.CSEG
                 ;
                 ;/*
                 ;Viet chuong trinh bam ct1 truoc, ct2 sau thi dem tu 0 ; neu ct2 truoc ct1 thi dem lui
                 ;tu gia tri do ; neu so dem < 0 thi so dem = 0; khi so dem >0 thi den sang
                 ;so dem =0 thi den tat. hien thi so ra man hinh
                 ;*/
                 ;#include <io.h>
                 	#ifndef __SLEEP_DEFINED__
                 	#define __SLEEP_DEFINED__
                 	.EQU __se_bit=0x20
                 	.EQU __sm_mask=0x1C
                 	.EQU __sm_powerdown=0x10
                 	.EQU __sm_powersave=0x18
                 	.EQU __sm_standby=0x14
                 	.EQU __sm_ext_standby=0x1C
                 	.EQU __sm_adc_noise_red=0x08
                 	.SET power_ctrl_reg=mcucr
                 	#endif
                 ;#include <alcd.h>
                 ;#include <delay.h>
                 ;#include <stdlib.h> //chuyen tu char, int sang string
                 ;#include <stdio.h>
                 ;
                 ;#define CT1 PIND.3
                 ;#define CT2 PIND.5
                 ;#define LED PORTE.5
                 ;#define sang 0
                 ;#define toi 1
                 ;
                 ;int dem = 0;
                 ;unsigned char buffer[20];
                 ;
                 ;void main(void)
                 ; 0000 0017 {
                 
                 	.CSEG
                 _main:
                 ; .FSTART _main
                 ; 0000 0018 DDRD = 0x00;
000098 e0e0      	LDI  R30,LOW(0)
000099 bbe1      	OUT  0x11,R30
                 ; 0000 0019 PORTD = 0x28;        //vi dung co 2 cong tâc thoi
00009a e2e8      	LDI  R30,LOW(40)
00009b bbe2      	OUT  0x12,R30
                 ; 0000 001A DDRE = 0x20; //bit thu 5 la loi ra
00009c e2e0      	LDI  R30,LOW(32)
00009d b9e2      	OUT  0x2,R30
                 ; 0000 001B LED = toi;
00009e 9a1d      	SBI  0x3,5
                 ; 0000 001C 
                 ; 0000 001D while (1)
                 _0x5:
                 ; 0000 001E     {
                 ; 0000 001F         if(CT1 == 0){
00009f 9983      	SBIC 0x10,3
0000a0 c00b      	RJMP _0x8
                 ; 0000 0020             while(1){
                 _0x9:
                 ; 0000 0021                if(CT2 == 0){
0000a1 9985      	SBIC 0x10,5
0000a2 c008      	RJMP _0xC
                 ; 0000 0022                 delay_ms(250);
0000a3 efaa      	LDI  R26,LOW(250)
0000a4 e0b0      	LDI  R27,0
0000a5 940e 0390 	CALL _delay_ms
                 ; 0000 0023                 dem ++;
0000a7 01f2      	MOVW R30,R4
0000a8 9631      	ADIW R30,1
0000a9 012f      	MOVW R4,R30
                 ; 0000 0024                  break;
0000aa c001      	RJMP _0xB
                 ; 0000 0025                }
                 ; 0000 0026 
                 ; 0000 0027             }
                 _0xC:
0000ab cff5      	RJMP _0x9
                 _0xB:
                 ; 0000 0028 
                 ; 0000 0029         }
                 ; 0000 002A         if(CT2 == 0){
                 _0x8:
0000ac 9985      	SBIC 0x10,5
0000ad c00b      	RJMP _0xD
                 ; 0000 002B             while(1){
                 _0xE:
                 ; 0000 002C                if(CT1 == 0){
0000ae 9983      	SBIC 0x10,3
0000af c008      	RJMP _0x11
                 ; 0000 002D                 delay_ms(250);
0000b0 efaa      	LDI  R26,LOW(250)
0000b1 e0b0      	LDI  R27,0
0000b2 940e 0390 	CALL _delay_ms
                 ; 0000 002E                 dem --;
0000b4 01f2      	MOVW R30,R4
0000b5 9731      	SBIW R30,1
0000b6 012f      	MOVW R4,R30
                 ; 0000 002F                  break;
0000b7 c001      	RJMP _0x10
                 ; 0000 0030                }
                 ; 0000 0031             }
                 _0x11:
0000b8 cff5      	RJMP _0xE
                 _0x10:
                 ; 0000 0032         }
                 ; 0000 0033 
                 ; 0000 0034         if(dem <= 0)
                 _0xD:
0000b9 2400      	CLR  R0
0000ba 1404      	CP   R0,R4
0000bb 0405      	CPC  R0,R5
0000bc f024      	BRLT _0x12
                 ; 0000 0035         {
                 ; 0000 0036              dem = 0;
0000bd 2444      	CLR  R4
0000be 2455      	CLR  R5
                 ; 0000 0037              LED = toi;
0000bf 9a1d      	SBI  0x3,5
                 ; 0000 0038         }
                 ; 0000 0039         else
0000c0 c001      	RJMP _0x15
                 _0x12:
                 ; 0000 003A         {
                 ; 0000 003B             LED = sang;
0000c1 981d      	CBI  0x3,5
                 ; 0000 003C         }
                 _0x15:
                 ; 0000 003D         lcd_init(16);
0000c2 e1a0      	LDI  R26,LOW(16)
0000c3 d0a2      	RCALL _lcd_init
                 ; 0000 003E         lcd_gotoxy(0,0);
0000c4 e0e0      	LDI  R30,LOW(0)
0000c5 93ea      	ST   -Y,R30
0000c6 e0a0      	LDI  R26,LOW(0)
0000c7 d04e      	RCALL _lcd_gotoxy
                 ; 0000 003F         sprintf(buffer, "%d",dem);
0000c8 e0e0      	LDI  R30,LOW(_buffer)
0000c9 e0f5      	LDI  R31,HIGH(_buffer)
0000ca 93fa      	ST   -Y,R31
0000cb 93ea      	ST   -Y,R30
                +
0000cc eae0     +LDI R30 , LOW ( 2 * _0x0 + ( 0 ) )
0000cd e0f0     +LDI R31 , HIGH ( 2 * _0x0 + ( 0 ) )
                 	__POINTW1FN _0x0,0
0000ce 93fa      	ST   -Y,R31
0000cf 93ea      	ST   -Y,R30
0000d0 01f2      	MOVW R30,R4
0000d1 940e 03a2 	CALL __CWD1
0000d3 940e 03af 	CALL __PUTPARD1
0000d5 e084      	LDI  R24,4
0000d6 940e 0309 	CALL _sprintf
0000d8 9628      	ADIW R28,8
                 ; 0000 0040 
                 ; 0000 0041         lcd_putsf("so nguoi: ");
                +
0000d9 eaa3     +LDI R26 , LOW ( 2 * _0x0 + ( 3 ) )
0000da e0b0     +LDI R27 , HIGH ( 2 * _0x0 + ( 3 ) )
                 	__POINTW2FN _0x0,3
0000db d077      	RCALL _lcd_putsf
                 ; 0000 0042         lcd_gotoxy(10,0);
0000dc e0ea      	LDI  R30,LOW(10)
0000dd 93ea      	ST   -Y,R30
0000de e0a0      	LDI  R26,LOW(0)
0000df d036      	RCALL _lcd_gotoxy
                 ; 0000 0043 
                 ; 0000 0044         lcd_puts(buffer);
0000e0 e0a0      	LDI  R26,LOW(_buffer)
0000e1 e0b5      	LDI  R27,HIGH(_buffer)
0000e2 d061      	RCALL _lcd_puts
                 ; 0000 0045     }
0000e3 cfbb      	RJMP _0x5
                 ; 0000 0046 }
                 _0x18:
0000e4 cfff      	RJMP _0x18
                 ; .FEND
                 	#ifndef __SLEEP_DEFINED__
                 	#endif
                 
                 	.DSEG
                 
                 	.CSEG
                 __lcd_write_nibble_G100:
                 ; .FSTART __lcd_write_nibble_G100
0000e5 93aa      	ST   -Y,R26
0000e6 81e8      	LD   R30,Y
0000e7 71e0      	ANDI R30,LOW(0x10)
0000e8 f011      	BREQ _0x2000004
0000e9 9adb      	SBI  0x1B,3
0000ea c001      	RJMP _0x2000005
                 _0x2000004:
0000eb 98db      	CBI  0x1B,3
                 _0x2000005:
0000ec 81e8      	LD   R30,Y
0000ed 72e0      	ANDI R30,LOW(0x20)
0000ee f011      	BREQ _0x2000006
0000ef 9ada      	SBI  0x1B,2
0000f0 c001      	RJMP _0x2000007
                 _0x2000006:
0000f1 98da      	CBI  0x1B,2
                 _0x2000007:
0000f2 81e8      	LD   R30,Y
0000f3 74e0      	ANDI R30,LOW(0x40)
0000f4 f011      	BREQ _0x2000008
0000f5 9ad9      	SBI  0x1B,1
0000f6 c001      	RJMP _0x2000009
                 _0x2000008:
0000f7 98d9      	CBI  0x1B,1
                 _0x2000009:
0000f8 81e8      	LD   R30,Y
0000f9 78e0      	ANDI R30,LOW(0x80)
0000fa f011      	BREQ _0x200000A
0000fb 9ad8      	SBI  0x1B,0
0000fc c001      	RJMP _0x200000B
                 _0x200000A:
0000fd 98d8      	CBI  0x1B,0
                 _0x200000B:
                +
0000fe e08d     +LDI R24 , LOW ( 13 )
                +__DELAY_USB_LOOP :
0000ff 958a     +DEC R24
000100 f7f1     +BRNE __DELAY_USB_LOOP
                 	__DELAY_USB 13
000101 9adc      	SBI  0x1B,4
                +
000102 e08d     +LDI R24 , LOW ( 13 )
                +__DELAY_USB_LOOP :
000103 958a     +DEC R24
000104 f7f1     +BRNE __DELAY_USB_LOOP
                 	__DELAY_USB 13
000105 98dc      	CBI  0x1B,4
                +
000106 e08d     +LDI R24 , LOW ( 13 )
                +__DELAY_USB_LOOP :
000107 958a     +DEC R24
000108 f7f1     +BRNE __DELAY_USB_LOOP
                 	__DELAY_USB 13
000109 c089      	RJMP _0x20C0002
                 ; .FEND
                 __lcd_write_data:
                 ; .FSTART __lcd_write_data
00010a 93aa      	ST   -Y,R26
00010b 81a8      	LD   R26,Y
00010c dfd8      	RCALL __lcd_write_nibble_G100
00010d 81e8          ld    r30,y
00010e 95e2          swap  r30
00010f 83e8          st    y,r30
000110 81a8      	LD   R26,Y
000111 dfd3      	RCALL __lcd_write_nibble_G100
                +
000112 e885     +LDI R24 , LOW ( 133 )
                +__DELAY_USB_LOOP :
000113 958a     +DEC R24
000114 f7f1     +BRNE __DELAY_USB_LOOP
                 	__DELAY_USB 133
000115 c07d      	RJMP _0x20C0002
                 ; .FEND
                 _lcd_gotoxy:
                 ; .FSTART _lcd_gotoxy
000116 93aa      	ST   -Y,R26
000117 81e8      	LD   R30,Y
000118 e0f0      	LDI  R31,0
000119 5eec      	SUBI R30,LOW(-__base_y_G100)
00011a 4ffa      	SBCI R31,HIGH(-__base_y_G100)
00011b 81e0      	LD   R30,Z
00011c 81a9      	LDD  R26,Y+1
00011d 0fae      	ADD  R26,R30
00011e dfeb      	RCALL __lcd_write_data
00011f 8079      	LDD  R7,Y+1
000120 8068      	LDD  R6,Y+0
000121 9622      	ADIW R28,2
000122 9508      	RET
                 ; .FEND
                 _lcd_clear:
                 ; .FSTART _lcd_clear
000123 e0a2      	LDI  R26,LOW(2)
000124 940e 0356 	CALL SUBOPT_0x0
000126 e0ac      	LDI  R26,LOW(12)
000127 dfe2      	RCALL __lcd_write_data
000128 e0a1      	LDI  R26,LOW(1)
000129 940e 0356 	CALL SUBOPT_0x0
00012b e0e0      	LDI  R30,LOW(0)
00012c 2e6e      	MOV  R6,R30
00012d 2e7e      	MOV  R7,R30
00012e 9508      	RET
                 ; .FEND
                 _lcd_putchar:
                 ; .FSTART _lcd_putchar
00012f 93aa      	ST   -Y,R26
000130 81a8      	LD   R26,Y
000131 30aa      	CPI  R26,LOW(0xA)
000132 f011      	BREQ _0x2000011
000133 1479      	CP   R7,R9
000134 f048      	BRLO _0x2000010
                 _0x2000011:
000135 e0e0      	LDI  R30,LOW(0)
000136 93ea      	ST   -Y,R30
000137 9463      	INC  R6
000138 2da6      	MOV  R26,R6
000139 dfdc      	RCALL _lcd_gotoxy
00013a 81a8      	LD   R26,Y
00013b 30aa      	CPI  R26,LOW(0xA)
00013c f409      	BRNE _0x2000013
00013d c055      	RJMP _0x20C0002
                 _0x2000013:
                 _0x2000010:
00013e 9473      	INC  R7
00013f 9ade      	SBI  0x1B,6
000140 81a8      	LD   R26,Y
000141 dfc8      	RCALL __lcd_write_data
000142 98de      	CBI  0x1B,6
000143 c04f      	RJMP _0x20C0002
                 ; .FEND
                 _lcd_puts:
                 ; .FSTART _lcd_puts
000144 93ba      	ST   -Y,R27
000145 93aa      	ST   -Y,R26
000146 931a      	ST   -Y,R17
                 _0x2000014:
000147 81a9      	LDD  R26,Y+1
000148 81ba      	LDD  R27,Y+1+1
000149 91ed      	LD   R30,X+
00014a 83a9      	STD  Y+1,R26
00014b 83ba      	STD  Y+1+1,R27
00014c 2f1e      	MOV  R17,R30
00014d 30e0      	CPI  R30,0
00014e f019      	BREQ _0x2000016
00014f 2fa1      	MOV  R26,R17
000150 dfde      	RCALL _lcd_putchar
000151 cff5      	RJMP _0x2000014
                 _0x2000016:
000152 c010      	RJMP _0x20C0003
                 ; .FEND
                 _lcd_putsf:
                 ; .FSTART _lcd_putsf
000153 93ba      	ST   -Y,R27
000154 93aa      	ST   -Y,R26
000155 931a      	ST   -Y,R17
                 _0x2000017:
000156 81e9      	LDD  R30,Y+1
000157 81fa      	LDD  R31,Y+1+1
000158 9631      	ADIW R30,1
000159 83e9      	STD  Y+1,R30
00015a 83fa      	STD  Y+1+1,R31
00015b 9731      	SBIW R30,1
00015c 91e4      	LPM  R30,Z
00015d 2f1e      	MOV  R17,R30
00015e 30e0      	CPI  R30,0
00015f f019      	BREQ _0x2000019
000160 2fa1      	MOV  R26,R17
000161 dfcd      	RCALL _lcd_putchar
000162 cff3      	RJMP _0x2000017
                 _0x2000019:
                 _0x20C0003:
000163 8118      	LDD  R17,Y+0
000164 9623      	ADIW R28,3
000165 9508      	RET
                 ; .FEND
                 _lcd_init:
                 ; .FSTART _lcd_init
000166 93aa      	ST   -Y,R26
000167 9ad3      	SBI  0x1A,3
000168 9ad2      	SBI  0x1A,2
000169 9ad1      	SBI  0x1A,1
00016a 9ad0      	SBI  0x1A,0
00016b 9ad4      	SBI  0x1A,4
00016c 9ad6      	SBI  0x1A,6
00016d 9ad5      	SBI  0x1A,5
00016e 98dc      	CBI  0x1B,4
00016f 98de      	CBI  0x1B,6
000170 98dd      	CBI  0x1B,5
000171 8098      	LDD  R9,Y+0
000172 81e8      	LD   R30,Y
000173 58e0      	SUBI R30,-LOW(128)
                +
000174 93e0 0516+STS __base_y_G100 + ( 2 ) , R30
                 	__PUTB1MN __base_y_G100,2
000176 81e8      	LD   R30,Y
000177 54e0      	SUBI R30,-LOW(192)
                +
000178 93e0 0517+STS __base_y_G100 + ( 3 ) , R30
                 	__PUTB1MN __base_y_G100,3
00017a e1a4      	LDI  R26,LOW(20)
00017b e0b0      	LDI  R27,0
00017c 940e 0390 	CALL _delay_ms
00017e 940e 035c 	CALL SUBOPT_0x1
000180 940e 035c 	CALL SUBOPT_0x1
000182 940e 035c 	CALL SUBOPT_0x1
000184 e2a0      	LDI  R26,LOW(32)
000185 df5f      	RCALL __lcd_write_nibble_G100
                +
000186 ec88     +LDI R24 , LOW ( 200 )
000187 e090     +LDI R25 , HIGH ( 200 )
                +__DELAY_USW_LOOP :
000188 9701     +SBIW R24 , 1
000189 f7f1     +BRNE __DELAY_USW_LOOP
                 	__DELAY_USW 200
00018a e2a8      	LDI  R26,LOW(40)
00018b df7e      	RCALL __lcd_write_data
00018c e0a4      	LDI  R26,LOW(4)
00018d df7c      	RCALL __lcd_write_data
00018e e8a5      	LDI  R26,LOW(133)
00018f df7a      	RCALL __lcd_write_data
000190 e0a6      	LDI  R26,LOW(6)
000191 df78      	RCALL __lcd_write_data
000192 df90      	RCALL _lcd_clear
                 _0x20C0002:
000193 9621      	ADIW R28,1
000194 9508      	RET
                 ; .FEND
                 
                 	.CSEG
                 
                 	.DSEG
                 
                 	.CSEG
                 	#ifndef __SLEEP_DEFINED__
                 	#endif
                 
                 	.CSEG
                 _put_buff_G102:
                 ; .FSTART _put_buff_G102
000195 93ba      	ST   -Y,R27
000196 93aa      	ST   -Y,R26
000197 931a      	ST   -Y,R17
000198 930a      	ST   -Y,R16
000199 81aa      	LDD  R26,Y+2
00019a 81bb      	LDD  R27,Y+2+1
00019b 9612      	ADIW R26,2
00019c 940e 03a7 	CALL __GETW1P
00019e 9730      	SBIW R30,0
00019f f159      	BREQ _0x2040010
0001a0 81aa      	LDD  R26,Y+2
0001a1 81bb      	LDD  R27,Y+2+1
0001a2 9614      	ADIW R26,4
0001a3 940e 03a7 	CALL __GETW1P
0001a5 018f      	MOVW R16,R30
0001a6 9730      	SBIW R30,0
0001a7 f061      	BREQ _0x2040012
                +
0001a8 3002     +CPI R16 , LOW ( 2 )
0001a9 e0e0     +LDI R30 , HIGH ( 2 )
0001aa 071e     +CPC R17 , R30
                 	__CPWRN 16,17,2
0001ab f098      	BRLO _0x2040013
0001ac 01f8      	MOVW R30,R16
0001ad 9731      	SBIW R30,1
0001ae 018f      	MOVW R16,R30
                +
0001af 81aa     +LDD R26 , Y + 2
0001b0 81bb     +LDD R27 , Y + 2 + 1
0001b1 9614     +ADIW R26 , 4
0001b2 93ed     +ST X + , R30
0001b3 93fc     +ST X , R31
                 	__PUTW1SNS 2,4
                 _0x2040012:
0001b4 81aa      	LDD  R26,Y+2
0001b5 81bb      	LDD  R27,Y+2+1
0001b6 9612      	ADIW R26,2
0001b7 91ed      	LD   R30,X+
0001b8 91fd      	LD   R31,X+
0001b9 9631      	ADIW R30,1
0001ba 93fe      	ST   -X,R31
0001bb 93ee      	ST   -X,R30
0001bc 9731      	SBIW R30,1
0001bd 81ac      	LDD  R26,Y+4
0001be 83a0      	STD  Z+0,R26
                 _0x2040013:
0001bf 81aa      	LDD  R26,Y+2
0001c0 81bb      	LDD  R27,Y+2+1
0001c1 940e 03a7 	CALL __GETW1P
0001c3 23ff      	TST  R31
0001c4 f02a      	BRMI _0x2040014
0001c5 91ed      	LD   R30,X+
0001c6 91fd      	LD   R31,X+
0001c7 9631      	ADIW R30,1
0001c8 93fe      	ST   -X,R31
0001c9 93ee      	ST   -X,R30
                 _0x2040014:
0001ca c006      	RJMP _0x2040015
                 _0x2040010:
0001cb 81aa      	LDD  R26,Y+2
0001cc 81bb      	LDD  R27,Y+2+1
0001cd efef      	LDI  R30,LOW(65535)
0001ce efff      	LDI  R31,HIGH(65535)
0001cf 93ed      	ST   X+,R30
0001d0 93fc      	ST   X,R31
                 _0x2040015:
0001d1 8119      	LDD  R17,Y+1
0001d2 8108      	LDD  R16,Y+0
0001d3 9625      	ADIW R28,5
0001d4 9508      	RET
                 ; .FEND
                 __print_G102:
                 ; .FSTART __print_G102
0001d5 93ba      	ST   -Y,R27
0001d6 93aa      	ST   -Y,R26
0001d7 9726      	SBIW R28,6
0001d8 940e 03b4 	CALL __SAVELOCR6
0001da e010      	LDI  R17,0
0001db 85ac      	LDD  R26,Y+12
0001dc 85bd      	LDD  R27,Y+12+1
0001dd e0e0      	LDI  R30,LOW(0)
0001de e0f0      	LDI  R31,HIGH(0)
0001df 93ed      	ST   X+,R30
0001e0 93fc      	ST   X,R31
                 _0x2040016:
0001e1 89ea      	LDD  R30,Y+18
0001e2 89fb      	LDD  R31,Y+18+1
0001e3 9631      	ADIW R30,1
0001e4 8bea      	STD  Y+18,R30
0001e5 8bfb      	STD  Y+18+1,R31
0001e6 9731      	SBIW R30,1
0001e7 91e4      	LPM  R30,Z
0001e8 2f2e      	MOV  R18,R30
0001e9 30e0      	CPI  R30,0
0001ea f409      	BRNE PC+2
0001eb c115      	RJMP _0x2040018
0001ec 2fe1      	MOV  R30,R17
0001ed 30e0      	CPI  R30,0
0001ee f439      	BRNE _0x204001C
0001ef 3225      	CPI  R18,37
0001f0 f411      	BRNE _0x204001D
0001f1 e011      	LDI  R17,LOW(1)
0001f2 c002      	RJMP _0x204001E
                 _0x204001D:
0001f3 940e 0364 	CALL SUBOPT_0x2
                 _0x204001E:
0001f5 c10a      	RJMP _0x204001B
                 _0x204001C:
0001f6 30e1      	CPI  R30,LOW(0x1)
0001f7 f4a9      	BRNE _0x204001F
0001f8 3225      	CPI  R18,37
0001f9 f419      	BRNE _0x2040020
0001fa 940e 0364 	CALL SUBOPT_0x2
0001fc c102      	RJMP _0x20400CC
                 _0x2040020:
0001fd e012      	LDI  R17,LOW(2)
0001fe e040      	LDI  R20,LOW(0)
0001ff e000      	LDI  R16,LOW(0)
000200 322d      	CPI  R18,45
000201 f411      	BRNE _0x2040021
000202 e001      	LDI  R16,LOW(1)
000203 c0fc      	RJMP _0x204001B
                 _0x2040021:
000204 322b      	CPI  R18,43
000205 f411      	BRNE _0x2040022
000206 e24b      	LDI  R20,LOW(43)
000207 c0f8      	RJMP _0x204001B
                 _0x2040022:
000208 3220      	CPI  R18,32
000209 f411      	BRNE _0x2040023
00020a e240      	LDI  R20,LOW(32)
00020b c0f4      	RJMP _0x204001B
                 _0x2040023:
00020c c002      	RJMP _0x2040024
                 _0x204001F:
00020d 30e2      	CPI  R30,LOW(0x2)
00020e f439      	BRNE _0x2040025
                 _0x2040024:
00020f e050      	LDI  R21,LOW(0)
000210 e013      	LDI  R17,LOW(3)
000211 3320      	CPI  R18,48
000212 f411      	BRNE _0x2040026
000213 6800      	ORI  R16,LOW(128)
000214 c0eb      	RJMP _0x204001B
                 _0x2040026:
000215 c003      	RJMP _0x2040027
                 _0x2040025:
000216 30e3      	CPI  R30,LOW(0x3)
000217 f009      	BREQ PC+2
000218 c0e7      	RJMP _0x204001B
                 _0x2040027:
000219 3320      	CPI  R18,48
00021a f010      	BRLO _0x204002A
00021b 332a      	CPI  R18,58
00021c f008      	BRLO _0x204002B
                 _0x204002A:
00021d c007      	RJMP _0x2040029
                 _0x204002B:
00021e e0aa      	LDI  R26,LOW(10)
00021f 9f5a      	MUL  R21,R26
000220 2d50      	MOV  R21,R0
000221 2fe2      	MOV  R30,R18
000222 53e0      	SUBI R30,LOW(48)
000223 0f5e      	ADD  R21,R30
000224 c0db      	RJMP _0x204001B
                 _0x2040029:
000225 2fe2      	MOV  R30,R18
000226 36e3      	CPI  R30,LOW(0x63)
000227 f449      	BRNE _0x204002F
000228 940e 036b 	CALL SUBOPT_0x3
00022a 89e8      	LDD  R30,Y+16
00022b 89f9      	LDD  R31,Y+16+1
00022c 81a4      	LDD  R26,Z+4
00022d 93aa      	ST   -Y,R26
00022e 940e 0371 	CALL SUBOPT_0x4
000230 c0ce      	RJMP _0x2040030
                 _0x204002F:
000231 37e3      	CPI  R30,LOW(0x73)
000232 f441      	BRNE _0x2040032
000233 940e 036b 	CALL SUBOPT_0x3
000235 940e 0377 	CALL SUBOPT_0x5
000237 940e 033d 	CALL _strlen
000239 2f1e      	MOV  R17,R30
00023a c00a      	RJMP _0x2040033
                 _0x2040032:
00023b 37e0      	CPI  R30,LOW(0x70)
00023c f461      	BRNE _0x2040035
00023d 940e 036b 	CALL SUBOPT_0x3
00023f 940e 0377 	CALL SUBOPT_0x5
000241 940e 0349 	CALL _strlenf
000243 2f1e      	MOV  R17,R30
000244 6008      	ORI  R16,LOW(8)
                 _0x2040033:
000245 6002      	ORI  R16,LOW(2)
000246 770f      	ANDI R16,LOW(127)
000247 e030      	LDI  R19,LOW(0)
000248 c034      	RJMP _0x2040036
                 _0x2040035:
000249 36e4      	CPI  R30,LOW(0x64)
00024a f011      	BREQ _0x2040039
00024b 36e9      	CPI  R30,LOW(0x69)
00024c f411      	BRNE _0x204003A
                 _0x2040039:
00024d 6004      	ORI  R16,LOW(4)
00024e c002      	RJMP _0x204003B
                 _0x204003A:
00024f 37e5      	CPI  R30,LOW(0x75)
000250 f431      	BRNE _0x204003C
                 _0x204003B:
000251 e8ec      	LDI  R30,LOW(_tbl10_G102*2)
000252 e0f0      	LDI  R31,HIGH(_tbl10_G102*2)
000253 83ee      	STD  Y+6,R30
000254 83ff      	STD  Y+6+1,R31
000255 e015      	LDI  R17,LOW(5)
000256 c00c      	RJMP _0x204003D
                 _0x204003C:
000257 35e8      	CPI  R30,LOW(0x58)
000258 f411      	BRNE _0x204003F
000259 6008      	ORI  R16,LOW(8)
00025a c003      	RJMP _0x2040040
                 _0x204003F:
00025b 37e8      	CPI  R30,LOW(0x78)
00025c f009      	BREQ PC+2
00025d c0a1      	RJMP _0x2040071
                 _0x2040040:
00025e e9e6      	LDI  R30,LOW(_tbl16_G102*2)
00025f e0f0      	LDI  R31,HIGH(_tbl16_G102*2)
000260 83ee      	STD  Y+6,R30
000261 83ff      	STD  Y+6+1,R31
000262 e014      	LDI  R17,LOW(4)
                 _0x204003D:
000263 ff02      	SBRS R16,2
000264 c014      	RJMP _0x2040042
000265 940e 036b 	CALL SUBOPT_0x3
000267 940e 0381 	CALL SUBOPT_0x6
000269 85ab      	LDD  R26,Y+11
00026a 23aa      	TST  R26
00026b f43a      	BRPL _0x2040043
00026c 85ea      	LDD  R30,Y+10
00026d 85fb      	LDD  R31,Y+10+1
00026e 940e 039e 	CALL __ANEGW1
000270 87ea      	STD  Y+10,R30
000271 87fb      	STD  Y+10+1,R31
000272 e24d      	LDI  R20,LOW(45)
                 _0x2040043:
000273 3040      	CPI  R20,0
000274 f011      	BREQ _0x2040044
000275 5f1f      	SUBI R17,-LOW(1)
000276 c001      	RJMP _0x2040045
                 _0x2040044:
000277 7f0b      	ANDI R16,LOW(251)
                 _0x2040045:
000278 c004      	RJMP _0x2040046
                 _0x2040042:
000279 940e 036b 	CALL SUBOPT_0x3
00027b 940e 0381 	CALL SUBOPT_0x6
                 _0x2040046:
                 _0x2040036:
00027d fd00      	SBRC R16,0
00027e c011      	RJMP _0x2040047
                 _0x2040048:
00027f 1715      	CP   R17,R21
000280 f478      	BRSH _0x204004A
000281 ff07      	SBRS R16,7
000282 c008      	RJMP _0x204004B
000283 ff02      	SBRS R16,2
000284 c004      	RJMP _0x204004C
000285 7f0b      	ANDI R16,LOW(251)
000286 2f24      	MOV  R18,R20
000287 5011      	SUBI R17,LOW(1)
000288 c001      	RJMP _0x204004D
                 _0x204004C:
000289 e320      	LDI  R18,LOW(48)
                 _0x204004D:
00028a c001      	RJMP _0x204004E
                 _0x204004B:
00028b e220      	LDI  R18,LOW(32)
                 _0x204004E:
00028c 940e 0364 	CALL SUBOPT_0x2
00028e 5051      	SUBI R21,LOW(1)
00028f cfef      	RJMP _0x2040048
                 _0x204004A:
                 _0x2040047:
000290 2f31      	MOV  R19,R17
000291 ff01      	SBRS R16,1
000292 c017      	RJMP _0x204004F
                 _0x2040050:
000293 3030      	CPI  R19,0
000294 f0a1      	BREQ _0x2040052
000295 ff03      	SBRS R16,3
000296 c006      	RJMP _0x2040053
000297 81ee      	LDD  R30,Y+6
000298 81ff      	LDD  R31,Y+6+1
000299 9125      	LPM  R18,Z+
00029a 83ee      	STD  Y+6,R30
00029b 83ff      	STD  Y+6+1,R31
00029c c005      	RJMP _0x2040054
                 _0x2040053:
00029d 81ae      	LDD  R26,Y+6
00029e 81bf      	LDD  R27,Y+6+1
00029f 912d      	LD   R18,X+
0002a0 83ae      	STD  Y+6,R26
0002a1 83bf      	STD  Y+6+1,R27
                 _0x2040054:
0002a2 940e 0364 	CALL SUBOPT_0x2
0002a4 3050      	CPI  R21,0
0002a5 f009      	BREQ _0x2040055
0002a6 5051      	SUBI R21,LOW(1)
                 _0x2040055:
0002a7 5031      	SUBI R19,LOW(1)
0002a8 cfea      	RJMP _0x2040050
                 _0x2040052:
0002a9 c04b      	RJMP _0x2040056
                 _0x204004F:
                 _0x2040058:
0002aa e320      	LDI  R18,LOW(48)
0002ab 81ee      	LDD  R30,Y+6
0002ac 81ff      	LDD  R31,Y+6+1
0002ad 940e 03ab 	CALL __GETW1PF
0002af 87e8      	STD  Y+8,R30
0002b0 87f9      	STD  Y+8+1,R31
0002b1 81ee      	LDD  R30,Y+6
0002b2 81ff      	LDD  R31,Y+6+1
0002b3 9632      	ADIW R30,2
0002b4 83ee      	STD  Y+6,R30
0002b5 83ff      	STD  Y+6+1,R31
                 _0x204005A:
0002b6 85e8      	LDD  R30,Y+8
0002b7 85f9      	LDD  R31,Y+8+1
0002b8 85aa      	LDD  R26,Y+10
0002b9 85bb      	LDD  R27,Y+10+1
0002ba 17ae      	CP   R26,R30
0002bb 07bf      	CPC  R27,R31
0002bc f050      	BRLO _0x204005C
0002bd 5f2f      	SUBI R18,-LOW(1)
0002be 85a8      	LDD  R26,Y+8
0002bf 85b9      	LDD  R27,Y+8+1
0002c0 85ea      	LDD  R30,Y+10
0002c1 85fb      	LDD  R31,Y+10+1
0002c2 1bea      	SUB  R30,R26
0002c3 0bfb      	SBC  R31,R27
0002c4 87ea      	STD  Y+10,R30
0002c5 87fb      	STD  Y+10+1,R31
0002c6 cfef      	RJMP _0x204005A
                 _0x204005C:
0002c7 332a      	CPI  R18,58
0002c8 f028      	BRLO _0x204005D
0002c9 ff03      	SBRS R16,3
0002ca c002      	RJMP _0x204005E
0002cb 5f29      	SUBI R18,-LOW(7)
0002cc c001      	RJMP _0x204005F
                 _0x204005E:
0002cd 5d29      	SUBI R18,-LOW(39)
                 _0x204005F:
                 _0x204005D:
0002ce fd04      	SBRC R16,4
0002cf c01a      	RJMP _0x2040061
0002d0 3321      	CPI  R18,49
0002d1 f420      	BRSH _0x2040063
0002d2 85a8      	LDD  R26,Y+8
0002d3 85b9      	LDD  R27,Y+8+1
0002d4 9711      	SBIW R26,1
0002d5 f409      	BRNE _0x2040062
                 _0x2040063:
0002d6 c009      	RJMP _0x20400CD
                 _0x2040062:
0002d7 1753      	CP   R21,R19
0002d8 f010      	BRLO _0x2040067
0002d9 ff00      	SBRS R16,0
0002da c001      	RJMP _0x2040068
                 _0x2040067:
0002db c013      	RJMP _0x2040066
                 _0x2040068:
0002dc e220      	LDI  R18,LOW(32)
0002dd ff07      	SBRS R16,7
0002de c00b      	RJMP _0x2040069
0002df e320      	LDI  R18,LOW(48)
                 _0x20400CD:
0002e0 6100      	ORI  R16,LOW(16)
0002e1 ff02      	SBRS R16,2
0002e2 c007      	RJMP _0x204006A
0002e3 7f0b      	ANDI R16,LOW(251)
0002e4 934a      	ST   -Y,R20
0002e5 940e 0371 	CALL SUBOPT_0x4
0002e7 3050      	CPI  R21,0
0002e8 f009      	BREQ _0x204006B
0002e9 5051      	SUBI R21,LOW(1)
                 _0x204006B:
                 _0x204006A:
                 _0x2040069:
                 _0x2040061:
0002ea 940e 0364 	CALL SUBOPT_0x2
0002ec 3050      	CPI  R21,0
0002ed f009      	BREQ _0x204006C
0002ee 5051      	SUBI R21,LOW(1)
                 _0x204006C:
                 _0x2040066:
0002ef 5031      	SUBI R19,LOW(1)
0002f0 85a8      	LDD  R26,Y+8
0002f1 85b9      	LDD  R27,Y+8+1
0002f2 9712      	SBIW R26,2
0002f3 f008      	BRLO _0x2040059
0002f4 cfb5      	RJMP _0x2040058
                 _0x2040059:
                 _0x2040056:
0002f5 ff00      	SBRS R16,0
0002f6 c008      	RJMP _0x204006D
                 _0x204006E:
0002f7 3050      	CPI  R21,0
0002f8 f031      	BREQ _0x2040070
0002f9 5051      	SUBI R21,LOW(1)
0002fa e2e0      	LDI  R30,LOW(32)
0002fb 93ea      	ST   -Y,R30
0002fc 940e 0371 	CALL SUBOPT_0x4
0002fe cff8      	RJMP _0x204006E
                 _0x2040070:
                 _0x204006D:
                 _0x2040071:
                 _0x2040030:
                 _0x20400CC:
0002ff e010      	LDI  R17,LOW(0)
                 _0x204001B:
000300 cee0      	RJMP _0x2040016
                 _0x2040018:
000301 85ac      	LDD  R26,Y+12
000302 85bd      	LDD  R27,Y+12+1
000303 940e 03a7 	CALL __GETW1P
000305 940e 03bb 	CALL __LOADLOCR6
000307 9664      	ADIW R28,20
000308 9508      	RET
                 ; .FEND
                 _sprintf:
                 ; .FSTART _sprintf
000309 92ff      	PUSH R15
00030a 2ef8      	MOV  R15,R24
00030b 9726      	SBIW R28,6
00030c 940e 03b6 	CALL __SAVELOCR4
00030e 940e 0389 	CALL SUBOPT_0x7
000310 9730      	SBIW R30,0
000311 f419      	BRNE _0x2040072
000312 efef      	LDI  R30,LOW(65535)
000313 efff      	LDI  R31,HIGH(65535)
000314 c023      	RJMP _0x20C0001
                 _0x2040072:
000315 01de      	MOVW R26,R28
000316 9616      	ADIW R26,6
000317 940e 039a 	CALL __ADDW2R15
000319 018d      	MOVW R16,R26
00031a 940e 0389 	CALL SUBOPT_0x7
00031c 83ee      	STD  Y+6,R30
00031d 83ff      	STD  Y+6+1,R31
00031e e0e0      	LDI  R30,LOW(0)
00031f 87e8      	STD  Y+8,R30
000320 87e9      	STD  Y+8+1,R30
000321 01de      	MOVW R26,R28
000322 961a      	ADIW R26,10
000323 940e 039a 	CALL __ADDW2R15
000325 940e 03a7 	CALL __GETW1P
000327 93fa      	ST   -Y,R31
000328 93ea      	ST   -Y,R30
000329 931a      	ST   -Y,R17
00032a 930a      	ST   -Y,R16
00032b e9e5      	LDI  R30,LOW(_put_buff_G102)
00032c e0f1      	LDI  R31,HIGH(_put_buff_G102)
00032d 93fa      	ST   -Y,R31
00032e 93ea      	ST   -Y,R30
00032f 01de      	MOVW R26,R28
000330 961a      	ADIW R26,10
000331 dea3      	RCALL __print_G102
000332 019f      	MOVW R18,R30
000333 81ae      	LDD  R26,Y+6
000334 81bf      	LDD  R27,Y+6+1
000335 e0e0      	LDI  R30,LOW(0)
000336 93ec      	ST   X,R30
000337 01f9      	MOVW R30,R18
                 _0x20C0001:
000338 940e 03bd 	CALL __LOADLOCR4
00033a 962a      	ADIW R28,10
00033b 90ff      	POP  R15
00033c 9508      	RET
                 ; .FEND
                 
                 	.CSEG
                 
                 	.CSEG
                 
                 	.CSEG
                 _strlen:
                 ; .FSTART _strlen
00033d 93ba      	ST   -Y,R27
00033e 93aa      	ST   -Y,R26
00033f 91a9          ld   r26,y+
000340 91b9          ld   r27,y+
000341 27ee          clr  r30
000342 27ff          clr  r31
                 strlen0:
000343 916d          ld   r22,x+
000344 2366          tst  r22
000345 f011          breq strlen1
000346 9631          adiw r30,1
000347 cffb          rjmp strlen0
                 strlen1:
000348 9508          ret
                 ; .FEND
                 _strlenf:
                 ; .FSTART _strlenf
000349 93ba      	ST   -Y,R27
00034a 93aa      	ST   -Y,R26
00034b 27aa          clr  r26
00034c 27bb          clr  r27
00034d 91e9          ld   r30,y+
00034e 91f9          ld   r31,y+
                 strlenf0:
00034f 9005      	lpm  r0,z+
000350 2000          tst  r0
000351 f011          breq strlenf1
000352 9611          adiw r26,1
000353 cffb          rjmp strlenf0
                 strlenf1:
000354 01fd          movw r30,r26
000355 9508          ret
                 ; .FEND
                 
                 	.DSEG
                 _buffer:
000500           	.BYTE 0x14
                 __base_y_G100:
000514           	.BYTE 0x4
                 __seed_G101:
000518           	.BYTE 0x4
                 
                 	.CSEG
                 ;OPTIMIZER ADDED SUBROUTINE, CALLED 2 TIMES, CODE SIZE REDUCTION:1 WORDS
                 SUBOPT_0x0:
000356 940e 010a 	CALL __lcd_write_data
000358 e0a3      	LDI  R26,LOW(3)
000359 e0b0      	LDI  R27,0
00035a 940c 0390 	JMP  _delay_ms
                 
                 ;OPTIMIZER ADDED SUBROUTINE, CALLED 3 TIMES, CODE SIZE REDUCTION:7 WORDS
                 SUBOPT_0x1:
00035c e3a0      	LDI  R26,LOW(48)
00035d 940e 00e5 	CALL __lcd_write_nibble_G100
                +
00035f ec88     +LDI R24 , LOW ( 200 )
000360 e090     +LDI R25 , HIGH ( 200 )
                +__DELAY_USW_LOOP :
000361 9701     +SBIW R24 , 1
000362 f7f1     +BRNE __DELAY_USW_LOOP
                 	__DELAY_USW 200
000363 9508      	RET
                 
                 ;OPTIMIZER ADDED SUBROUTINE, CALLED 5 TIMES, CODE SIZE REDUCTION:13 WORDS
                 SUBOPT_0x2:
000364 932a      	ST   -Y,R18
000365 85ad      	LDD  R26,Y+13
000366 85be      	LDD  R27,Y+13+1
000367 85ef      	LDD  R30,Y+15
000368 89f8      	LDD  R31,Y+15+1
000369 9509      	ICALL
00036a 9508      	RET
                 
                 ;OPTIMIZER ADDED SUBROUTINE, CALLED 5 TIMES, CODE SIZE REDUCTION:9 WORDS
                 SUBOPT_0x3:
00036b 89e8      	LDD  R30,Y+16
00036c 89f9      	LDD  R31,Y+16+1
00036d 9734      	SBIW R30,4
00036e 8be8      	STD  Y+16,R30
00036f 8bf9      	STD  Y+16+1,R31
000370 9508      	RET
                 
                 ;OPTIMIZER ADDED SUBROUTINE, CALLED 3 TIMES, CODE SIZE REDUCTION:3 WORDS
                 SUBOPT_0x4:
000371 85ad      	LDD  R26,Y+13
000372 85be      	LDD  R27,Y+13+1
000373 85ef      	LDD  R30,Y+15
000374 89f8      	LDD  R31,Y+15+1
000375 9509      	ICALL
000376 9508      	RET
                 
                 ;OPTIMIZER ADDED SUBROUTINE, CALLED 2 TIMES, CODE SIZE REDUCTION:4 WORDS
                 SUBOPT_0x5:
000377 89a8      	LDD  R26,Y+16
000378 89b9      	LDD  R27,Y+16+1
000379 9614      	ADIW R26,4
00037a 940e 03a7 	CALL __GETW1P
00037c 83ee      	STD  Y+6,R30
00037d 83ff      	STD  Y+6+1,R31
00037e 81ae      	LDD  R26,Y+6
00037f 81bf      	LDD  R27,Y+6+1
000380 9508      	RET
                 
                 ;OPTIMIZER ADDED SUBROUTINE, CALLED 2 TIMES, CODE SIZE REDUCTION:2 WORDS
                 SUBOPT_0x6:
000381 89a8      	LDD  R26,Y+16
000382 89b9      	LDD  R27,Y+16+1
000383 9614      	ADIW R26,4
000384 940e 03a7 	CALL __GETW1P
000386 87ea      	STD  Y+10,R30
000387 87fb      	STD  Y+10+1,R31
000388 9508      	RET
                 
                 ;OPTIMIZER ADDED SUBROUTINE, CALLED 2 TIMES, CODE SIZE REDUCTION:1 WORDS
                 SUBOPT_0x7:
000389 01de      	MOVW R26,R28
00038a 961c      	ADIW R26,12
00038b 940e 039a 	CALL __ADDW2R15
00038d 940e 03a7 	CALL __GETW1P
00038f 9508      	RET
                 
                 
                 	.CSEG
                 _delay_ms:
000390 9610      	adiw r26,0
000391 f039      	breq __delay_ms1
                 __delay_ms0:
                +
000392 ed80     +LDI R24 , LOW ( 0x7D0 )
000393 e097     +LDI R25 , HIGH ( 0x7D0 )
                +__DELAY_USW_LOOP :
000394 9701     +SBIW R24 , 1
000395 f7f1     +BRNE __DELAY_USW_LOOP
                 	__DELAY_USW 0x7D0
000396 95a8      	wdr
000397 9711      	sbiw r26,1
000398 f7c9      	brne __delay_ms0
                 __delay_ms1:
000399 9508      	ret
                 
                 __ADDW2R15:
00039a 2400      	CLR  R0
00039b 0daf      	ADD  R26,R15
00039c 1db0      	ADC  R27,R0
00039d 9508      	RET
                 
                 __ANEGW1:
00039e 95f1      	NEG  R31
00039f 95e1      	NEG  R30
0003a0 40f0      	SBCI R31,0
0003a1 9508      	RET
                 
                 __CWD1:
0003a2 2f6f      	MOV  R22,R31
0003a3 0f66      	ADD  R22,R22
0003a4 0b66      	SBC  R22,R22
0003a5 2f76      	MOV  R23,R22
0003a6 9508      	RET
                 
                 __GETW1P:
0003a7 91ed      	LD   R30,X+
0003a8 91fc      	LD   R31,X
0003a9 9711      	SBIW R26,1
0003aa 9508      	RET
                 
                 __GETW1PF:
0003ab 9005      	LPM  R0,Z+
0003ac 91f4      	LPM  R31,Z
0003ad 2de0      	MOV  R30,R0
0003ae 9508      	RET
                 
                 __PUTPARD1:
0003af 937a      	ST   -Y,R23
0003b0 936a      	ST   -Y,R22
0003b1 93fa      	ST   -Y,R31
0003b2 93ea      	ST   -Y,R30
0003b3 9508      	RET
                 
                 __SAVELOCR6:
0003b4 935a      	ST   -Y,R21
                 __SAVELOCR5:
0003b5 934a      	ST   -Y,R20
                 __SAVELOCR4:
0003b6 933a      	ST   -Y,R19
                 __SAVELOCR3:
0003b7 932a      	ST   -Y,R18
                 __SAVELOCR2:
0003b8 931a      	ST   -Y,R17
0003b9 930a      	ST   -Y,R16
0003ba 9508      	RET
                 
                 __LOADLOCR6:
0003bb 815d      	LDD  R21,Y+5
                 __LOADLOCR5:
0003bc 814c      	LDD  R20,Y+4
                 __LOADLOCR4:
0003bd 813b      	LDD  R19,Y+3
                 __LOADLOCR3:
0003be 812a      	LDD  R18,Y+2
                 __LOADLOCR2:
0003bf 8119      	LDD  R17,Y+1
0003c0 8108      	LD   R16,Y
0003c1 9508      	RET
                 
                 ;END OF CODE MARKER
                 __END_OF_CODE:


RESOURCE USE INFORMATION
------------------------

Notice:
The register and instruction counts are symbol table hit counts,
and hence implicitly used resources are not counted, eg, the
'lpm' instruction without operands implicitly uses r0 and z,
none of which are counted.

x,y,z are separate entities in the symbol table and are
counted separately from r26..r31 here.

.dseg memory usage only counts static data declared with .byte

ATmega128A register use summary:
r0 :  14 r1 :   1 r2 :   0 r3 :   0 r4 :   7 r5 :   2 r6 :   4 r7 :   4 
r8 :   0 r9 :   2 r10:   0 r11:   0 r12:   0 r13:   0 r14:   0 r15:   4 
r16:  34 r17:  27 r18:  29 r19:   8 r20:   9 r21:  17 r22:  11 r23:   2 
r24:  24 r25:   5 r26: 101 r27:  42 r28:  14 r29:   1 r30: 166 r31:  60 
x  :  23 y  : 177 z  :  16 
Registers used: 27 out of 35 (77.1%)

ATmega128A instruction use summary:
.lds  :   0 .lds.l:   0 .sts  :   0 .sts.l:   0 adc   :   1 add   :   4 
adiw  :  26 and   :   0 andi  :   8 asr   :   0 bclr  :   0 bld   :   0 
brbc  :   0 brbs  :   0 brcc  :   0 brcs  :   0 break :   0 breq  :  22 
brge  :   0 brhc  :   0 brhs  :   0 brid  :   0 brie  :   0 brlo  :   8 
brlt  :   1 brmi  :   1 brne  :  30 brpl  :   1 brsh  :   2 brtc  :   0 
brts  :   0 brvc  :   0 brvs  :   0 bset  :   0 bst   :   0 call  :  51 
cbi   :  10 cbr   :   0 clc   :   0 clh   :   0 cli   :   1 cln   :   0 
clr   :  10 cls   :   0 clt   :   0 clv   :   0 clz   :   0 com   :   0 
cp    :   5 cpc   :   3 cpi   :  34 cpse  :   0 dec   :   5 des   :   0 
elpm  :   0 eor   :   0 fmul  :   0 fmuls :   0 fmulsu:   0 icall :   2 
ijmp  :   0 in    :   0 inc   :   2 jmp   :  37 ld    :  28 ldd   :  79 
ldi   :  97 lds   :   0 lpm   :  16 lsl   :   0 lsr   :   0 mov   :  20 
movw  :  19 mul   :   1 muls  :   0 mulsu :   0 neg   :   2 nop   :   0 
or    :   0 ori   :   6 out   :   9 pop   :   1 push  :   1 rcall :  20 
ret   :  25 reti  :   0 rjmp  :  74 rol   :   0 ror   :   0 sbc   :   2 
sbci  :   2 sbi   :  15 sbic  :   4 sbis  :   0 sbiw  :  21 sbr   :   0 
sbrc  :   2 sbrs  :  10 sec   :   0 seh   :   0 sei   :   0 sen   :   0 
ser   :   0 ses   :   0 set   :   0 sev   :   0 sez   :   0 sleep :   0 
spm   :   0 st    :  63 std   :  33 sts   :   3 sub   :   1 subi  :  16 
swap  :   1 tst   :   4 wdr   :   1 
Instructions used: 52 out of 117 (44.4%)

ATmega128A memory use summary [bytes]:
Segment   Begin    End      Code   Data   Used    Size   Use%
---------------------------------------------------------------
[.cseg] 0x000000 0x000784   1856     68   1924  131072   1.5%
[.dseg] 0x000100 0x00051c      0     28     28    4096   0.7%
[.eseg] 0x000000 0x000000      0      0      0    4096   0.0%

Assembly complete, 0 errors, 7 warnings
